<?xml version="1.0" encoding="UTF-8"?>
<testsuite xmlns:xsi="http://www.w3.org/2001/XMLSchema-instance" xsi:noNamespaceSchemaLocation="https://maven.apache.org/surefire/maven-surefire-plugin/xsd/surefire-test-report.xsd" name="testing.TestCases" time="2.762" tests="2" errors="0" skipped="0" failures="2">
  <properties>
[...]
</properties>
  <testcase name="loginpage" classname="testing.TestCases" time="0.472">
    <failure message="&#10;Cannot inject @Test annotated Method [loginpage] with [class java.lang.String, class java.lang.String].&#10;For more information on native dependency injection please refer to https://testng.org/#_dependency_injection" type="org.testng.TestNGException">org.testng.TestNGException: 

Cannot inject @Test annotated Method [loginpage] with [class java.lang.String, class java.lang.String].
For more information on native dependency injection please refer to https://testng.org/#_dependency_injection
</failure>
    <system-err><![CDATA[SLF4J: No SLF4J providers were found.
SLF4J: Defaulting to no-operation (NOP) logger implementation
SLF4J: See https://www.slf4j.org/codes.html#noProviders for further details.
]]></system-err>
  </testcase>
  <testcase name="productpage" classname="testing.TestCases" time="0.056">
    <failure message="no such element: Unable to locate element: {&quot;method&quot;:&quot;xpath&quot;,&quot;selector&quot;:&quot;//div[text()=&apos;Products&apos;]&quot;}&#10;  (Session info: chrome=133.0.6943.98)&#10;For documentation on this error, please visit: https://www.selenium.dev/documentation/webdriver/troubleshooting/errors#no-such-element-exception&#10;Build info: version: &apos;4.27.0&apos;, revision: &apos;d6e718d134&apos;&#10;System info: os.name: &apos;Windows 11&apos;, os.arch: &apos;amd64&apos;, os.version: &apos;10.0&apos;, java.version: &apos;17.0.12&apos;&#10;Driver info: org.openqa.selenium.chrome.ChromeDriver&#10;Command: [16af1ba73b32b85b2db455968c14dd3b, findElement {value=//div[text()=&apos;Products&apos;], using=xpath}]&#10;Capabilities {acceptInsecureCerts: false, browserName: chrome, browserVersion: 133.0.6943.98, chrome: {chromedriverVersion: 132.0.6834.111 (c252d6a429e..., userDataDir: C:\Users\Dell\AppData\Local...}, fedcm:accounts: true, goog:chromeOptions: {debuggerAddress: localhost:53945}, networkConnectionEnabled: false, pageLoadStrategy: normal, platformName: windows, proxy: Proxy(), se:cdp: ws://localhost:53945/devtoo..., se:cdpVersion: 133.0.6943.98, setWindowRect: true, strictFileInteractability: false, timeouts: {implicit: 0, pageLoad: 300000, script: 30000}, unhandledPromptBehavior: dismiss and notify, webauthn:extension:credBlob: true, webauthn:extension:largeBlob: true, webauthn:extension:minPinLength: true, webauthn:extension:prf: true, webauthn:virtualAuthenticators: true}&#10;Session ID: 16af1ba73b32b85b2db455968c14dd3b" type="org.openqa.selenium.NoSuchElementException">org.openqa.selenium.NoSuchElementException: 
no such element: Unable to locate element: {"method":"xpath","selector":"//div[text()='Products']"}
  (Session info: chrome=133.0.6943.98)
For documentation on this error, please visit: https://www.selenium.dev/documentation/webdriver/troubleshooting/errors#no-such-element-exception
Build info: version: '4.27.0', revision: 'd6e718d134'
System info: os.name: 'Windows 11', os.arch: 'amd64', os.version: '10.0', java.version: '17.0.12'
Driver info: org.openqa.selenium.chrome.ChromeDriver
Command: [16af1ba73b32b85b2db455968c14dd3b, findElement {value=//div[text()='Products'], using=xpath}]
Capabilities {acceptInsecureCerts: false, browserName: chrome, browserVersion: 133.0.6943.98, chrome: {chromedriverVersion: 132.0.6834.111 (c252d6a429e..., userDataDir: C:\Users\Dell\AppData\Local...}, fedcm:accounts: true, goog:chromeOptions: {debuggerAddress: localhost:53945}, networkConnectionEnabled: false, pageLoadStrategy: normal, platformName: windows, proxy: Proxy(), se:cdp: ws://localhost:53945/devtoo..., se:cdpVersion: 133.0.6943.98, setWindowRect: true, strictFileInteractability: false, timeouts: {implicit: 0, pageLoad: 300000, script: 30000}, unhandledPromptBehavior: dismiss and notify, webauthn:extension:credBlob: true, webauthn:extension:largeBlob: true, webauthn:extension:minPinLength: true, webauthn:extension:prf: true, webauthn:virtualAuthenticators: true}
Session ID: 16af1ba73b32b85b2db455968c14dd3b
	at testing.TestCases.productpage(TestCases.java:48)
</failure>
    <system-out><![CDATA[browser launched
user is in product page
]]></system-out>
    <system-err><![CDATA[Feb 24, 2025 11:50:51 PM org.openqa.selenium.devtools.CdpVersionFinder findNearestMatch
WARNING: Unable to find an exact match for CDP version 133, returning the closest version; found: 131; Please update to a Selenium version that supports CDP version 133
]]></system-err>
  </testcase>
</testsuite>